0 verbose cli C:\Program Files\nodejs\node.exe C:\Users\Mhmtm\AppData\Roaming\npm\node_modules\npm\bin\npm-cli.js
1 info using npm@11.2.0
2 info using node@v20.18.0
3 silly config load:file:C:\Users\Mhmtm\AppData\Roaming\npm\node_modules\npm\npmrc
4 silly config load:file:C:\Users\Mhmtm\OneDrive\Belgeler\CODE23\ProjeX\.npmrc
5 silly config load:file:C:\Users\Mhmtm\.npmrc
6 silly config load:file:C:\Users\Mhmtm\AppData\Roaming\npm\etc\npmrc
7 verbose title npm install
8 verbose argv "install"
9 verbose logfile logs-max:10 dir:C:\Users\Mhmtm\OneDrive\Belgeler\CODE23\ProjeX\tempnpm-cache\_logs\2025-05-24T10_04_57_163Z-
10 verbose logfile C:\Users\Mhmtm\OneDrive\Belgeler\CODE23\ProjeX\tempnpm-cache\_logs\2025-05-24T10_04_57_163Z-debug-0.log
11 silly logfile start cleaning logs, removing 1 files
12 silly packumentCache heap:4345298944 maxSize:1086324736 maxEntrySize:543162368
13 silly logfile done cleaning log files
14 silly idealTree buildDeps
15 silly reify moves {}
16 silly audit bulk request {
16 silly audit   '@ampproject/remapping': [ '2.3.0' ],
16 silly audit   '@babel/code-frame': [ '7.26.2' ],
16 silly audit   '@babel/compat-data': [ '7.26.8' ],
16 silly audit   '@babel/core': [ '7.26.10' ],
16 silly audit   '@babel/eslint-parser': [ '7.26.10' ],
16 silly audit   '@babel/generator': [ '7.26.10' ],
16 silly audit   '@babel/helper-annotate-as-pure': [ '7.25.9' ],
16 silly audit   '@babel/helper-compilation-targets': [ '7.26.5' ],
16 silly audit   '@babel/helper-create-class-features-plugin': [ '7.26.9' ],
16 silly audit   '@babel/helper-create-regexp-features-plugin': [ '7.26.3' ],
16 silly audit   '@babel/helper-define-polyfill-provider': [ '0.6.3' ],
16 silly audit   '@babel/helper-member-expression-to-functions': [ '7.25.9' ],
16 silly audit   '@babel/helper-module-imports': [ '7.25.9' ],
16 silly audit   '@babel/helper-module-transforms': [ '7.26.0' ],
16 silly audit   '@babel/helper-optimise-call-expression': [ '7.25.9' ],
16 silly audit   '@babel/helper-plugin-utils': [ '7.26.5' ],
16 silly audit   '@babel/helper-remap-async-to-generator': [ '7.25.9' ],
16 silly audit   '@babel/helper-replace-supers': [ '7.26.5' ],
16 silly audit   '@babel/helper-skip-transparent-expression-wrappers': [ '7.25.9' ],
16 silly audit   '@babel/helper-string-parser': [ '7.25.9' ],
16 silly audit   '@babel/helper-validator-identifier': [ '7.25.9' ],
16 silly audit   '@babel/helper-validator-option': [ '7.25.9' ],
16 silly audit   '@babel/helper-wrap-function': [ '7.25.9' ],
16 silly audit   '@babel/helpers': [ '7.26.10' ],
16 silly audit   '@babel/parser': [ '7.26.10' ],
16 silly audit   '@babel/plugin-bugfix-firefox-class-in-computed-class-key': [ '7.25.9' ],
16 silly audit   '@babel/plugin-bugfix-safari-class-field-initializer-scope': [ '7.25.9' ],
16 silly audit   '@babel/plugin-bugfix-safari-id-destructuring-collision-in-function-expression': [ '7.25.9' ],
16 silly audit   '@babel/plugin-bugfix-v8-spread-parameters-in-optional-chaining': [ '7.25.9' ],
16 silly audit   '@babel/plugin-bugfix-v8-static-class-fields-redefine-readonly': [ '7.25.9' ],
16 silly audit   '@babel/plugin-proposal-export-default-from': [ '7.25.9' ],
16 silly audit   '@babel/plugin-proposal-private-property-in-object': [ '7.21.0-placeholder-for-preset-env.2' ],
16 silly audit   '@babel/plugin-syntax-async-generators': [ '7.8.4' ],
16 silly audit   '@babel/plugin-syntax-bigint': [ '7.8.3' ],
16 silly audit   '@babel/plugin-syntax-class-properties': [ '7.12.13' ],
16 silly audit   '@babel/plugin-syntax-class-static-block': [ '7.14.5' ],
16 silly audit   '@babel/plugin-syntax-dynamic-import': [ '7.8.3' ],
16 silly audit   '@babel/plugin-syntax-export-default-from': [ '7.25.9' ],
16 silly audit   '@babel/plugin-syntax-flow': [ '7.26.0' ],
16 silly audit   '@babel/plugin-syntax-import-assertions': [ '7.26.0' ],
16 silly audit   '@babel/plugin-syntax-import-attributes': [ '7.26.0' ],
16 silly audit   '@babel/plugin-syntax-import-meta': [ '7.10.4' ],
16 silly audit   '@babel/plugin-syntax-json-strings': [ '7.8.3' ],
16 silly audit   '@babel/plugin-syntax-jsx': [ '7.25.9' ],
16 silly audit   '@babel/plugin-syntax-logical-assignment-operators': [ '7.10.4' ],
16 silly audit   '@babel/plugin-syntax-nullish-coalescing-operator': [ '7.8.3' ],
16 silly audit   '@babel/plugin-syntax-numeric-separator': [ '7.10.4' ],
16 silly audit   '@babel/plugin-syntax-object-rest-spread': [ '7.8.3' ],
16 silly audit   '@babel/plugin-syntax-optional-catch-binding': [ '7.8.3' ],
16 silly audit   '@babel/plugin-syntax-optional-chaining': [ '7.8.3' ],
16 silly audit   '@babel/plugin-syntax-private-property-in-object': [ '7.14.5' ],
16 silly audit   '@babel/plugin-syntax-top-level-await': [ '7.14.5' ],
16 silly audit   '@babel/plugin-syntax-typescript': [ '7.25.9' ],
16 silly audit   '@babel/plugin-syntax-unicode-sets-regex': [ '7.18.6' ],
16 silly audit   '@babel/plugin-transform-arrow-functions': [ '7.25.9' ],
16 silly audit   '@babel/plugin-transform-async-generator-functions': [ '7.26.8' ],
16 silly audit   '@babel/plugin-transform-async-to-generator': [ '7.25.9' ],
16 silly audit   '@babel/plugin-transform-block-scoped-functions': [ '7.26.5' ],
16 silly audit   '@babel/plugin-transform-block-scoping': [ '7.25.9' ],
16 silly audit   '@babel/plugin-transform-class-properties': [ '7.25.9' ],
16 silly audit   '@babel/plugin-transform-class-static-block': [ '7.26.0' ],
16 silly audit   '@babel/plugin-transform-classes': [ '7.25.9' ],
16 silly audit   '@babel/plugin-transform-computed-properties': [ '7.25.9' ],
16 silly audit   '@babel/plugin-transform-destructuring': [ '7.25.9' ],
16 silly audit   '@babel/plugin-transform-dotall-regex': [ '7.25.9' ],
16 silly audit   '@babel/plugin-transform-duplicate-keys': [ '7.25.9' ],
16 silly audit   '@babel/plugin-transform-duplicate-named-capturing-groups-regex': [ '7.25.9' ],
16 silly audit   '@babel/plugin-transform-dynamic-import': [ '7.25.9' ],
16 silly audit   '@babel/plugin-transform-exponentiation-operator': [ '7.26.3' ],
16 silly audit   '@babel/plugin-transform-export-namespace-from': [ '7.25.9' ],
16 silly audit   '@babel/plugin-transform-flow-strip-types': [ '7.26.5' ],
16 silly audit   '@babel/plugin-transform-for-of': [ '7.26.9' ],
16 silly audit   '@babel/plugin-transform-function-name': [ '7.25.9' ],
16 silly audit   '@babel/plugin-transform-json-strings': [ '7.25.9' ],
16 silly audit   '@babel/plugin-transform-literals': [ '7.25.9' ],
16 silly audit   '@babel/plugin-transform-logical-assignment-operators': [ '7.25.9' ],
16 silly audit   '@babel/plugin-transform-member-expression-literals': [ '7.25.9' ],
16 silly audit   '@babel/plugin-transform-modules-amd': [ '7.25.9' ],
16 silly audit   '@babel/plugin-transform-modules-commonjs': [ '7.26.3' ],
16 silly audit   '@babel/plugin-transform-modules-systemjs': [ '7.25.9' ],
16 silly audit   '@babel/plugin-transform-modules-umd': [ '7.25.9' ],
16 silly audit   '@babel/plugin-transform-named-capturing-groups-regex': [ '7.25.9' ],
16 silly audit   '@babel/plugin-transform-new-target': [ '7.25.9' ],
16 silly audit   '@babel/plugin-transform-nullish-coalescing-operator': [ '7.26.6' ],
16 silly audit   '@babel/plugin-transform-numeric-separator': [ '7.25.9' ],
16 silly audit   '@babel/plugin-transform-object-rest-spread': [ '7.25.9' ],
16 silly audit   '@babel/plugin-transform-object-super': [ '7.25.9' ],
16 silly audit   '@babel/plugin-transform-optional-catch-binding': [ '7.25.9' ],
16 silly audit   '@babel/plugin-transform-optional-chaining': [ '7.25.9' ],
16 silly audit   '@babel/plugin-transform-parameters': [ '7.25.9' ],
16 silly audit   '@babel/plugin-transform-private-methods': [ '7.25.9' ],
16 silly audit   '@babel/plugin-transform-private-property-in-object': [ '7.25.9' ],
16 silly audit   '@babel/plugin-transform-property-literals': [ '7.25.9' ],
16 silly audit   '@babel/plugin-transform-react-display-name': [ '7.25.9' ],
16 silly audit   '@babel/plugin-transform-react-jsx': [ '7.25.9' ],
16 silly audit   '@babel/plugin-transform-react-jsx-self': [ '7.25.9' ],
16 silly audit   '@babel/plugin-transform-react-jsx-source': [ '7.25.9' ],
16 silly audit   '@babel/plugin-transform-regenerator': [ '7.25.9' ],
16 silly audit   '@babel/plugin-transform-regexp-modifiers': [ '7.26.0' ],
16 silly audit   '@babel/plugin-transform-reserved-words': [ '7.25.9' ],
16 silly audit   '@babel/plugin-transform-runtime': [ '7.26.10' ],
16 silly audit   '@babel/plugin-transform-shorthand-properties': [ '7.25.9' ],
16 silly audit   '@babel/plugin-transform-spread': [ '7.25.9' ],
16 silly audit   '@babel/plugin-transform-sticky-regex': [ '7.25.9' ],
16 silly audit   '@babel/plugin-transform-template-literals': [ '7.26.8' ],
16 silly audit   '@babel/plugin-transform-typeof-symbol': [ '7.26.7' ],
16 silly audit   '@babel/plugin-transform-typescript': [ '7.26.8' ],
16 silly audit   '@babel/plugin-transform-unicode-escapes': [ '7.25.9' ],
16 silly audit   '@babel/plugin-transform-unicode-property-regex': [ '7.25.9' ],
16 silly audit   '@babel/plugin-transform-unicode-regex': [ '7.25.9' ],
16 silly audit   '@babel/plugin-transform-unicode-sets-regex': [ '7.25.9' ],
16 silly audit   '@babel/preset-env': [ '7.26.9' ],
16 silly audit   '@babel/preset-flow': [ '7.25.9' ],
16 silly audit   '@babel/preset-modules': [ '0.1.6-no-external-plugins' ],
16 silly audit   '@babel/preset-typescript': [ '7.26.0' ],
16 silly audit   '@babel/register': [ '7.25.9' ],
16 silly audit   'make-dir': [ '2.1.0', '4.0.0' ],
16 silly audit   semver: [ '5.7.2', '7.7.1', '6.3.1' ],
16 silly audit   'source-map-support': [ '0.5.21', '0.5.13' ],
16 silly audit   '@babel/runtime': [ '7.26.10' ],
16 silly audit   '@babel/template': [ '7.26.9' ],
16 silly audit   '@babel/traverse': [ '7.26.10' ],
16 silly audit   '@babel/types': [ '7.26.10' ],
16 silly audit   '@bcoe/v8-coverage': [ '0.2.3' ],
16 silly audit   '@egjs/hammerjs': [ '2.0.17' ],
16 silly audit   '@eslint-community/eslint-utils': [ '4.5.1' ],
16 silly audit   'eslint-visitor-keys': [ '3.4.3', '2.1.0' ],
16 silly audit   '@eslint-community/regexpp': [ '4.12.1' ],
16 silly audit   '@eslint/eslintrc': [ '2.1.4' ],
16 silly audit   'brace-expansion': [ '1.1.11', '2.0.1' ],
16 silly audit   globals: [ '13.24.0', '11.12.0' ],
16 silly audit   minimatch: [ '3.1.2', '9.0.5' ],
16 silly audit   'type-fest': [ '0.20.2', '0.7.1', '0.21.3' ],
16 silly audit   '@eslint/js': [ '8.57.1' ],
16 silly audit   '@firebase/analytics': [ '0.10.15', '0.10.11' ],
16 silly audit   '@firebase/analytics-compat': [ '0.2.21', '0.2.17' ],
16 silly audit   '@firebase/analytics-types': [ '0.8.3' ],
16 silly audit   '@firebase/app': [ '0.12.3', '0.11.1' ],
16 silly audit   '@firebase/app-check': [ '0.9.3', '0.8.11' ],
16 silly audit   '@firebase/app-check-compat': [ '0.3.24', '0.3.18' ],
16 silly audit   '@firebase/app-check-interop-types': [ '0.3.3' ],
16 silly audit   '@firebase/app-check-types': [ '0.5.3' ],
16 silly audit   '@firebase/app-compat': [ '0.3.3', '0.2.50' ],
16 silly audit   '@firebase/app-types': [ '0.9.3' ],
16 silly audit   '@firebase/auth': [ '1.10.4', '1.9.0' ],
16 silly audit   '@firebase/auth-compat': [ '0.5.24', '0.5.18' ],
16 silly audit   '@firebase/auth-interop-types': [ '0.2.4' ],
16 silly audit   '@firebase/auth-types': [ '0.13.0' ],
16 silly audit   '@firebase/component': [ '0.6.16', '0.6.12' ],
16 silly audit   '@firebase/data-connect': [ '0.3.7', '0.3.0' ],
16 silly audit   '@firebase/database': [ '1.0.17', '1.0.12' ],
16 silly audit   '@firebase/database-compat': [ '2.0.8', '2.0.3' ],
16 silly audit   '@firebase/database-types': [ '1.0.13', '1.0.8' ],
16 silly audit   '@firebase/firestore': [ '4.7.14', '4.7.8' ],
16 silly audit   '@firebase/firestore-compat': [ '0.3.49', '0.3.43' ],
16 silly audit   '@firebase/firestore-types': [ '3.0.3' ],
16 silly audit   '@firebase/functions': [ '0.12.6', '0.12.2' ],
16 silly audit   '@firebase/functions-compat': [ '0.3.23', '0.3.19' ],
16 silly audit   '@firebase/functions-types': [ '0.6.3' ],
16 silly audit   '@firebase/installations': [ '0.6.16', '0.6.12' ],
16 silly audit   '@firebase/installations-compat': [ '0.2.16', '0.2.12' ],
16 silly audit   '@firebase/installations-types': [ '0.5.3' ],
16 silly audit   '@firebase/logger': [ '0.4.4' ],
16 silly audit   '@firebase/messaging': [ '0.12.20', '0.12.16' ],
16 silly audit   '@firebase/messaging-compat': [ '0.2.20', '0.2.16' ],
16 silly audit   '@firebase/messaging-interop-types': [ '0.2.3' ],
16 silly audit   '@firebase/performance': [ '0.7.5', '0.7.0' ],
16 silly audit   '@firebase/performance-compat': [ '0.2.18', '0.2.13' ],
16 silly audit   '@firebase/performance-types': [ '0.2.3' ],
16 silly audit   '@firebase/remote-config': [ '0.6.3', '0.5.0' ],
16 silly audit   '@firebase/remote-config-compat': [ '0.2.16', '0.2.12' ],
16 silly audit   '@firebase/remote-config-types': [ '0.4.0' ],
16 silly audit   '@firebase/storage': [ '0.13.10', '0.13.6' ],
16 silly audit   '@firebase/storage-compat': [ '0.3.20', '0.3.16' ],
16 silly audit   '@firebase/storage-types': [ '0.8.3' ],
16 silly audit   '@firebase/util': [ '1.11.3', '1.10.3' ],
16 silly audit   '@firebase/vertexai': [ '1.2.4', '1.0.4' ],
16 silly audit   '@firebase/webchannel-wrapper': [ '1.0.3' ],
16 silly audit   '@grpc/grpc-js': [ '1.9.15' ],
16 silly audit   '@grpc/proto-loader': [ '0.7.13' ],
16 silly audit   '@hapi/hoek': [ '9.3.0' ],
16 silly audit   '@hapi/topo': [ '5.1.0' ],
16 silly audit   '@humanwhocodes/config-array': [ '0.13.0' ],
16 silly audit   '@humanwhocodes/module-importer': [ '1.0.1' ],
16 silly audit   '@humanwhocodes/object-schema': [ '2.0.3' ],
16 silly audit   '@isaacs/ttlcache': [ '1.4.1' ],
16 silly audit   '@istanbuljs/load-nyc-config': [ '1.1.0' ],
16 silly audit   argparse: [ '1.0.10', '2.0.1' ],
16 silly audit   'find-up': [ '4.1.0', '3.0.0', '5.0.0' ],
16 silly audit   'js-yaml': [ '3.14.1', '4.1.0' ],
16 silly audit   'locate-path': [ '5.0.0', '3.0.0', '6.0.0' ],
16 silly audit   'p-limit': [ '2.3.0', '3.1.0' ],
16 silly audit   'p-locate': [ '4.1.0', '3.0.0', '5.0.0' ],
16 silly audit   'resolve-from': [ '5.0.0', '3.0.0', '4.0.0' ],
16 silly audit   '@istanbuljs/schema': [ '0.1.3' ],
16 silly audit   '@jest/console': [ '29.7.0' ],
16 silly audit   '@jest/core': [ '29.7.0' ],
16 silly audit   'ansi-styles': [ '5.2.0', '4.3.0', '3.2.1' ],
16 silly audit   'pretty-format': [ '29.7.0', '26.6.2' ],
16 silly audit   'react-is': [ '18.3.1', '16.13.1', '17.0.2', '19.0.0' ],
16 silly audit   'strip-ansi': [ '6.0.1', '5.2.0' ],
16 silly audit   '@jest/create-cache-key-function': [ '29.7.0' ],
16 silly audit   '@jest/environment': [ '29.7.0' ],
16 silly audit   '@jest/expect': [ '29.7.0' ],
16 silly audit   '@jest/expect-utils': [ '29.7.0' ],
16 silly audit   '@jest/fake-timers': [ '29.7.0' ],
16 silly audit   '@jest/globals': [ '29.7.0' ],
16 silly audit   '@jest/reporters': [ '29.7.0' ],
16 silly audit   '@jest/schemas': [ '29.6.3' ],
16 silly audit   '@jest/source-map': [ '29.6.3' ],
16 silly audit   '@jest/test-result': [ '29.7.0' ],
16 silly audit   '@jest/test-sequencer': [ '29.7.0' ],
16 silly audit   '@jest/transform': [ '29.7.0' ],
16 silly audit   '@jest/types': [ '29.6.3', '26.6.2' ],
16 silly audit   '@jridgewell/gen-mapping': [ '0.3.8' ],
16 silly audit   '@jridgewell/resolve-uri': [ '3.1.2' ],
16 silly audit   '@jridgewell/set-array': [ '1.2.1' ],
16 silly audit   '@jridgewell/source-map': [ '0.3.6' ],
16 silly audit   '@jridgewell/sourcemap-codec': [ '1.5.0' ],
16 silly audit   '@jridgewell/trace-mapping': [ '0.3.25' ],
16 silly audit   '@nicolo-ribaudo/eslint-scope-5-internals': [ '5.1.1-v1' ],
16 silly audit   '@nodelib/fs.scandir': [ '2.1.5' ],
16 silly audit   '@nodelib/fs.stat': [ '2.0.5' ],
16 silly audit   '@nodelib/fs.walk': [ '1.2.8' ],
16 silly audit   '@protobufjs/aspromise': [ '1.1.2' ],
16 silly audit   '@protobufjs/base64': [ '1.1.2' ],
16 silly audit   '@protobufjs/codegen': [ '2.0.4' ],
16 silly audit   '@protobufjs/eventemitter': [ '1.1.0' ],
16 silly audit   '@protobufjs/fetch': [ '1.1.0' ],
16 silly audit   '@protobufjs/float': [ '1.0.2' ],
16 silly audit   '@protobufjs/inquire': [ '1.1.0' ],
16 silly audit   '@protobufjs/path': [ '1.1.2' ],
16 silly audit   '@protobufjs/pool': [ '1.1.0' ],
16 silly audit   '@protobufjs/utf8': [ '1.1.0' ],
16 silly audit   '@react-native-async-storage/async-storage': [ '1.24.0' ],
16 silly audit   '@react-native-community/cli': [ '15.0.1' ],
16 silly audit   '@react-native-community/cli-clean': [ '15.0.1' ],
16 silly audit   '@react-native-community/cli-config': [ '15.0.1' ],
16 silly audit   '@react-native-community/cli-config-apple': [ '15.0.1' ],
16 silly audit   '@react-native-community/cli-debugger-ui': [ '15.0.1' ],
16 silly audit   '@react-native-community/cli-doctor': [ '15.0.1' ],
16 silly audit   '@react-native-community/cli-platform-android': [ '15.0.1' ],
16 silly audit   '@react-native-community/cli-platform-apple': [ '15.0.1' ],
16 silly audit   '@react-native-community/cli-platform-ios': [ '15.0.1' ],
16 silly audit   '@react-native-community/cli-server-api': [ '15.0.1' ],
16 silly audit   '@react-native-community/cli-tools': [ '15.0.1' ],
16 silly audit   '@react-native-community/cli-types': [ '15.0.1' ],
16 silly audit   '@react-native-firebase/app': [ '21.13.0' ],
16 silly audit   firebase: [ '11.3.1', '11.7.3' ],
16 silly audit   '@react-native-firebase/auth': [ '21.13.0' ],
16 silly audit   '@react-native-firebase/firestore': [ '21.13.0' ],
16 silly audit   '@react-native-firebase/storage': [ '21.13.0' ],
16 silly audit   '@react-native/assets-registry': [ '0.78.0' ],
16 silly audit   '@react-native/babel-plugin-codegen': [ '0.78.0' ],
16 silly audit   '@react-native/babel-preset': [ '0.78.0' ],
16 silly audit   '@react-native/codegen': [ '0.78.0' ],
16 silly audit   '@react-native/community-cli-plugin': [ '0.78.0' ],
16 silly audit   debug: [ '2.6.9', '4.4.0' ],
16 silly audit   ms: [ '2.0.0', '2.1.3' ],
16 silly audit   '@react-native/debugger-frontend': [ '0.78.0' ],
16 silly audit   '@react-native/dev-middleware': [ '0.78.0' ],
16 silly audit   'is-wsl': [ '2.2.0', '1.1.0' ],
16 silly audit   open: [ '7.4.2', '6.4.0' ],
16 silly audit   '@react-native/eslint-config': [ '0.78.0' ],
16 silly audit   '@react-native/eslint-plugin': [ '0.78.0' ],
16 silly audit   '@react-native/gradle-plugin': [ '0.78.0' ],
16 silly audit   '@react-native/js-polyfills': [ '0.78.0' ],
16 silly audit   '@react-native/metro-babel-transformer': [ '0.78.0' ],
16 silly audit   '@react-native/metro-config': [ '0.78.0' ],
16 silly audit   '@react-native/normalize-colors': [ '0.78.0' ],
16 silly audit   '@react-native/typescript-config': [ '0.78.0' ],
16 silly audit   '@react-native/virtualized-lists': [ '0.78.0' ],
16 silly audit   '@react-navigation/bottom-tabs': [ '6.6.1' ],
16 silly audit   '@react-navigation/core': [ '6.4.17' ],
16 silly audit   '@react-navigation/elements': [ '1.3.31' ],
16 silly audit   '@react-navigation/native': [ '6.1.18' ],
16 silly audit   '@react-navigation/native-stack': [ '6.11.0' ],
16 silly audit   '@react-navigation/routers': [ '6.1.9' ],
16 silly audit   '@react-navigation/stack': [ '6.3.20' ],
16 silly audit   '@sideway/address': [ '4.1.5' ],
16 silly audit   '@sideway/formula': [ '3.0.1' ],
16 silly audit   '@sideway/pinpoint': [ '2.0.0' ],
16 silly audit   '@sinclair/typebox': [ '0.27.8' ],
16 silly audit   '@sinonjs/commons': [ '3.0.1' ],
16 silly audit   '@sinonjs/fake-timers': [ '10.3.0' ],
16 silly audit   '@types/babel__core': [ '7.20.5' ],
16 silly audit   '@types/babel__generator': [ '7.6.8' ],
16 silly audit   '@types/babel__template': [ '7.4.4' ],
16 silly audit   '@types/babel__traverse': [ '7.20.6' ],
16 silly audit   '@types/graceful-fs': [ '4.1.9' ],
16 silly audit   '@types/hammerjs': [ '2.0.46' ],
16 silly audit   '@types/istanbul-lib-coverage': [ '2.0.6' ],
16 silly audit   '@types/istanbul-lib-report': [ '3.0.3' ],
16 silly audit   '@types/istanbul-reports': [ '3.0.4' ],
16 silly audit   '@types/jest': [ '29.5.14' ],
16 silly audit   '@types/json-schema': [ '7.0.15' ],
16 silly audit   '@types/node': [ '22.13.10' ],
16 silly audit   '@types/node-forge': [ '1.3.11' ],
16 silly audit   '@types/react': [ '19.0.10' ],
16 silly audit   '@types/react-test-renderer': [ '19.0.0' ],
16 silly audit   '@types/semver': [ '7.5.8' ],
16 silly audit   '@types/stack-utils': [ '2.0.3' ],
16 silly audit   '@types/yargs': [ '17.0.33', '15.0.19' ],
16 silly audit   '@types/yargs-parser': [ '21.0.3' ],
16 silly audit   '@typescript-eslint/eslint-plugin': [ '7.18.0' ],
16 silly audit   '@typescript-eslint/parser': [ '7.18.0' ],
16 silly audit   '@typescript-eslint/scope-manager': [ '7.18.0', '5.62.0' ],
16 silly audit   '@typescript-eslint/type-utils': [ '7.18.0' ],
16 silly audit   '@typescript-eslint/types': [ '7.18.0', '5.62.0' ],
16 silly audit   '@typescript-eslint/typescript-estree': [ '7.18.0', '5.62.0' ],
16 silly audit   '@typescript-eslint/utils': [ '7.18.0', '5.62.0' ],
16 silly audit   '@typescript-eslint/visitor-keys': [ '7.18.0', '5.62.0' ],
16 silly audit   '@ungap/structured-clone': [ '1.3.0' ],
16 silly audit   '@xmldom/xmldom': [ '0.8.10' ],
16 silly audit   'abort-controller': [ '3.0.0' ],
16 silly audit   accepts: [ '1.3.8' ],
16 silly audit   negotiator: [ '0.6.3', '0.6.4' ],
16 silly audit   acorn: [ '8.14.1' ],
16 silly audit   'acorn-jsx': [ '5.3.2' ],
16 silly audit   ajv: [ '6.12.6' ],
16 silly audit   anser: [ '1.4.10' ],
16 silly audit   'ansi-escapes': [ '4.3.2' ],
16 silly audit   'ansi-fragments': [ '0.2.1' ],
16 silly audit   'ansi-regex': [ '5.0.1', '4.1.1' ],
16 silly audit   anymatch: [ '3.1.3' ],
16 silly audit   appdirsjs: [ '1.2.7' ],
16 silly audit   'array-buffer-byte-length': [ '1.0.2' ],
16 silly audit   'array-includes': [ '3.1.8' ],
16 silly audit   'array-union': [ '2.1.0' ],
16 silly audit   'array.prototype.findlast': [ '1.2.5' ],
16 silly audit   'array.prototype.flat': [ '1.3.3' ],
16 silly audit   'array.prototype.flatmap': [ '1.3.3' ],
16 silly audit   'array.prototype.tosorted': [ '1.1.4' ],
16 silly audit   'arraybuffer.prototype.slice': [ '1.0.4' ],
16 silly audit   asap: [ '2.0.6' ],
16 silly audit   'ast-types': [ '0.16.1' ],
16 silly audit   'astral-regex': [ '1.0.0' ],
16 silly audit   'async-function': [ '1.0.0' ],
16 silly audit   'async-limiter': [ '1.0.1' ],
16 silly audit   'available-typed-arrays': [ '1.0.7' ],
16 silly audit   'babel-jest': [ '29.7.0' ],
16 silly audit   'babel-plugin-istanbul': [ '6.1.1' ],
16 silly audit   'istanbul-lib-instrument': [ '5.2.1', '6.0.3' ],
16 silly audit   'babel-plugin-jest-hoist': [ '29.6.3' ],
16 silly audit   'babel-plugin-polyfill-corejs2': [ '0.4.12' ],
16 silly audit   'babel-plugin-polyfill-corejs3': [ '0.11.1' ],
16 silly audit   'babel-plugin-polyfill-regenerator': [ '0.6.3' ],
16 silly audit   'babel-plugin-syntax-hermes-parser': [ '0.25.1' ],
16 silly audit   'babel-plugin-transform-flow-enums': [ '0.0.2' ],
16 silly audit   'babel-preset-current-node-syntax': [ '1.1.0' ],
16 silly audit   'babel-preset-jest': [ '29.6.3' ],
16 silly audit   'balanced-match': [ '1.0.2' ],
16 silly audit   'base64-js': [ '1.5.1' ],
16 silly audit   bl: [ '4.1.0' ],
16 silly audit   boolbase: [ '1.0.0' ],
16 silly audit   braces: [ '3.0.3' ],
16 silly audit   browserslist: [ '4.24.4' ],
16 silly audit   bser: [ '2.1.1' ],
16 silly audit   buffer: [ '5.7.1' ],
16 silly audit   'buffer-from': [ '1.1.2' ],
16 silly audit   bytes: [ '3.1.2' ],
16 silly audit   'call-bind': [ '1.0.8' ],
16 silly audit   'call-bind-apply-helpers': [ '1.0.2' ],
16 silly audit   'call-bound': [ '1.0.4' ],
16 silly audit   'caller-callsite': [ '2.0.0' ],
16 silly audit   callsites: [ '2.0.0', '3.1.0' ],
16 silly audit   'caller-path': [ '2.0.0' ],
16 silly audit   camelcase: [ '5.3.1', '6.3.0' ],
16 silly audit   'caniuse-lite': [ '1.0.30001704' ],
16 silly audit   chalk: [ '4.1.2' ],
16 silly audit   'char-regex': [ '1.0.2' ],
16 silly audit   'chrome-launcher': [ '0.15.2' ],
16 silly audit   'chromium-edge-launcher': [ '0.2.0' ],
16 silly audit   'ci-info': [ '3.9.0', '2.0.0' ],
16 silly audit   'cjs-module-lexer': [ '1.4.3' ],
16 silly audit   'cli-cursor': [ '3.1.0' ],
16 silly audit   'cli-spinners': [ '2.9.2' ],
16 silly audit   cliui: [ '8.0.1', '6.0.0', '7.0.4' ],
16 silly audit   clone: [ '1.0.4' ],
16 silly audit   'clone-deep': [ '4.0.1' ],
16 silly audit   co: [ '4.6.0' ],
16 silly audit   'collect-v8-coverage': [ '1.0.2' ],
16 silly audit   color: [ '4.2.3' ],
16 silly audit   'color-convert': [ '2.0.1', '1.9.3' ],
16 silly audit   'color-name': [ '1.1.4', '1.1.3' ],
16 silly audit   'color-string': [ '1.9.1' ],
16 silly audit   colorette: [ '1.4.0' ],
16 silly audit   'command-exists': [ '1.2.9' ],
16 silly audit   commander: [ '9.5.0', '12.1.0', '2.20.3' ],
16 silly audit   commondir: [ '1.0.1' ],
16 silly audit   compressible: [ '2.0.18' ],
16 silly audit   compression: [ '1.8.0' ],
16 silly audit   'concat-map': [ '0.0.1' ],
16 silly audit   connect: [ '3.7.0' ],
16 silly audit   'convert-source-map': [ '2.0.0' ],
16 silly audit   'core-js-compat': [ '3.41.0' ],
16 silly audit   cosmiconfig: [ '9.0.0', '5.2.1' ],
16 silly audit   'create-jest': [ '29.7.0' ],
16 silly audit   'cross-spawn': [ '7.0.6' ],
16 silly audit   'css-select': [ '5.1.0' ],
16 silly audit   'css-tree': [ '1.1.3' ],
16 silly audit   'css-what': [ '6.1.0' ],
16 silly audit   csstype: [ '3.1.3' ],
16 silly audit   'data-view-buffer': [ '1.0.2' ],
16 silly audit   'data-view-byte-length': [ '1.0.2' ],
16 silly audit   'data-view-byte-offset': [ '1.0.1' ],
16 silly audit   dayjs: [ '1.11.13' ],
16 silly audit   decamelize: [ '1.2.0' ],
16 silly audit   'decode-uri-component': [ '0.2.2' ],
16 silly audit   dedent: [ '1.5.3' ],
16 silly audit   'deep-is': [ '0.1.4' ],
16 silly audit   deepmerge: [ '4.3.1' ],
16 silly audit   defaults: [ '1.0.4' ],
16 silly audit   'define-data-property': [ '1.1.4' ],
16 silly audit   'define-properties': [ '1.2.1' ],
16 silly audit   depd: [ '2.0.0' ],
16 silly audit   destroy: [ '1.2.0' ],
16 silly audit   'detect-newline': [ '3.1.0' ],
16 silly audit   'diff-sequences': [ '29.6.3' ],
16 silly audit   'dir-glob': [ '3.0.1' ],
16 silly audit   doctrine: [ '3.0.0', '2.1.0' ],
16 silly audit   'dom-serializer': [ '2.0.0' ],
16 silly audit   domelementtype: [ '2.3.0' ],
16 silly audit   domhandler: [ '5.0.3' ],
16 silly audit   domutils: [ '3.2.2' ],
16 silly audit   'dunder-proto': [ '1.0.1' ],
16 silly audit   'ee-first': [ '1.1.1' ],
16 silly audit   'electron-to-chromium': [ '1.5.116' ],
16 silly audit   emittery: [ '0.13.1' ],
16 silly audit   'emoji-regex': [ '8.0.0' ],
16 silly audit   encodeurl: [ '1.0.2', '2.0.0' ],
16 silly audit   entities: [ '4.5.0' ],
16 silly audit   'env-paths': [ '2.2.1' ],
16 silly audit   envinfo: [ '7.14.0' ],
16 silly audit   'error-ex': [ '1.3.2' ],
16 silly audit   'error-stack-parser': [ '2.1.4' ],
16 silly audit   errorhandler: [ '1.5.1' ],
16 silly audit   'es-abstract': [ '1.23.9' ],
16 silly audit   'es-define-property': [ '1.0.1' ],
16 silly audit   'es-errors': [ '1.3.0' ],
16 silly audit   'es-iterator-helpers': [ '1.2.1' ],
16 silly audit   'es-object-atoms': [ '1.1.1' ],
16 silly audit   'es-set-tostringtag': [ '2.1.0' ],
16 silly audit   'es-shim-unscopables': [ '1.1.0' ],
16 silly audit   'es-to-primitive': [ '1.3.0' ],
16 silly audit   escalade: [ '3.2.0' ],
16 silly audit   'escape-html': [ '1.0.3' ],
16 silly audit   'escape-string-regexp': [ '4.0.0', '1.0.5', '2.0.0' ],
16 silly audit   eslint: [ '8.57.1' ],
16 silly audit   'eslint-config-prettier': [ '8.10.0' ],
16 silly audit   'eslint-plugin-eslint-comments': [ '3.2.0' ],
16 silly audit   'eslint-plugin-ft-flow': [ '2.0.3' ],
16 silly audit   'eslint-plugin-jest': [ '27.9.0' ],
16 silly audit   'eslint-plugin-react': [ '7.37.4' ],
16 silly audit   'eslint-plugin-react-hooks': [ '4.6.2' ],
16 silly audit   'eslint-plugin-react-native': [ '4.1.0' ],
16 silly audit   'eslint-plugin-react-native-globals': [ '0.1.2' ],
16 silly audit   resolve: [ '2.0.0-next.5', '1.22.10' ],
16 silly audit   'eslint-scope': [ '5.1.1', '7.2.2' ],
16 silly audit   estraverse: [ '4.3.0', '5.3.0' ],
16 silly audit   espree: [ '9.6.1' ],
16 silly audit   esprima: [ '4.0.1' ],
16 silly audit   esquery: [ '1.6.0' ],
16 silly audit   esrecurse: [ '4.3.0' ],
16 silly audit   esutils: [ '2.0.3' ],
16 silly audit   etag: [ '1.8.1' ],
16 silly audit   'event-target-shim': [ '5.0.1' ],
16 silly audit   execa: [ '5.1.1' ],
16 silly audit   exit: [ '0.1.2' ],
16 silly audit   expect: [ '29.7.0' ],
16 silly audit   'exponential-backoff': [ '3.1.2' ],
16 silly audit   'fast-deep-equal': [ '3.1.3' ],
16 silly audit   'fast-glob': [ '3.3.3' ],
16 silly audit   'glob-parent': [ '5.1.2', '6.0.2' ],
16 silly audit   'fast-json-stable-stringify': [ '2.1.0' ],
16 silly audit   'fast-levenshtein': [ '2.0.6' ],
16 silly audit   'fast-xml-parser': [ '4.5.3' ],
16 silly audit   fastq: [ '1.19.1' ],
16 silly audit   'faye-websocket': [ '0.11.4' ],
16 silly audit   'fb-watchman': [ '2.0.2' ],
16 silly audit   'file-entry-cache': [ '6.0.1' ],
16 silly audit   'fill-range': [ '7.1.1' ],
16 silly audit   'filter-obj': [ '1.1.0' ],
16 silly audit   finalhandler: [ '1.1.2' ],
16 silly audit   'find-cache-dir': [ '2.1.0' ],
16 silly audit   'path-exists': [ '3.0.0', '4.0.0' ],
16 silly audit   'pkg-dir': [ '3.0.0', '4.2.0' ],
16 silly audit   'flat-cache': [ '3.2.0' ],
16 silly audit   flatted: [ '3.3.3' ],
16 silly audit   'flow-enums-runtime': [ '0.0.6' ],
16 silly audit   'flow-parser': [ '0.264.0' ],
16 silly audit   'for-each': [ '0.3.5' ],
16 silly audit   fresh: [ '0.5.2' ],
16 silly audit   'fs-extra': [ '8.1.0' ],
16 silly audit   'fs.realpath': [ '1.0.0' ],
16 silly audit   fsevents: [ '2.3.3' ],
16 silly audit   'function-bind': [ '1.1.2' ],
16 silly audit   'function.prototype.name': [ '1.1.8' ],
16 silly audit   'functions-have-names': [ '1.2.3' ],
16 silly audit   gensync: [ '1.0.0-beta.2' ],
16 silly audit   'get-caller-file': [ '2.0.5' ],
16 silly audit   'get-intrinsic': [ '1.3.0' ],
16 silly audit   'get-package-type': [ '0.1.0' ],
16 silly audit   'get-proto': [ '1.0.1' ],
16 silly audit   'get-stream': [ '6.0.1' ],
16 silly audit   'get-symbol-description': [ '1.1.0' ],
16 silly audit   glob: [ '7.2.3' ],
16 silly audit   globalthis: [ '1.0.4' ],
16 silly audit   globby: [ '11.1.0' ],
16 silly audit   gopd: [ '1.2.0' ],
16 silly audit   'graceful-fs': [ '4.2.11' ],
16 silly audit   graphemer: [ '1.4.0' ],
16 silly audit   'has-bigints': [ '1.1.0' ],
16 silly audit   'has-flag': [ '4.0.0' ],
16 silly audit   'has-property-descriptors': [ '1.0.2' ],
16 silly audit   'has-proto': [ '1.2.0' ],
16 silly audit   'has-symbols': [ '1.1.0' ],
16 silly audit   'has-tostringtag': [ '1.0.2' ],
16 silly audit   hasown: [ '2.0.2' ],
16 silly audit   'hermes-estree': [ '0.25.1' ],
16 silly audit   'hermes-parser': [ '0.25.1' ],
16 silly audit   'hoist-non-react-statics': [ '3.3.2' ],
16 silly audit   'html-escaper': [ '2.0.2' ],
16 silly audit   'http-errors': [ '2.0.0' ],
16 silly audit   statuses: [ '2.0.1', '1.5.0' ],
16 silly audit   'http-parser-js': [ '0.5.9' ],
16 silly audit   'human-signals': [ '2.1.0' ],
16 silly audit   idb: [ '7.1.1' ],
16 silly audit   ieee754: [ '1.2.1' ],
16 silly audit   ignore: [ '5.3.2' ],
16 silly audit   'image-size': [ '1.2.0' ],
16 silly audit   'import-fresh': [ '3.3.1', '2.0.0' ],
16 silly audit   'import-local': [ '3.2.0' ],
16 silly audit   imurmurhash: [ '0.1.4' ],
16 silly audit   inflight: [ '1.0.6' ],
16 silly audit   inherits: [ '2.0.4' ],
16 silly audit   'internal-slot': [ '1.1.0' ],
16 silly audit   invariant: [ '2.2.4' ],
16 silly audit   'is-array-buffer': [ '3.0.5' ],
16 silly audit   'is-arrayish': [ '0.2.1', '0.3.2' ],
16 silly audit   'is-async-function': [ '2.1.1' ],
16 silly audit   'is-bigint': [ '1.1.0' ],
16 silly audit   'is-boolean-object': [ '1.2.2' ],
16 silly audit   'is-callable': [ '1.2.7' ],
16 silly audit   'is-core-module': [ '2.16.1' ],
16 silly audit   'is-data-view': [ '1.0.2' ],
16 silly audit   'is-date-object': [ '1.1.0' ],
16 silly audit   'is-directory': [ '0.3.1' ],
16 silly audit   'is-docker': [ '2.2.1' ],
16 silly audit   'is-extglob': [ '2.1.1' ],
16 silly audit   'is-finalizationregistry': [ '1.1.1' ],
16 silly audit   'is-fullwidth-code-point': [ '2.0.0', '3.0.0' ],
16 silly audit   'is-generator-fn': [ '2.1.0' ],
16 silly audit   'is-generator-function': [ '1.1.0' ],
16 silly audit   'is-glob': [ '4.0.3' ],
16 silly audit   'is-interactive': [ '1.0.0' ],
16 silly audit   'is-map': [ '2.0.3' ],
16 silly audit   'is-number': [ '7.0.0' ],
16 silly audit   'is-number-object': [ '1.1.1' ],
16 silly audit   'is-path-inside': [ '3.0.3' ],
16 silly audit   'is-plain-obj': [ '2.1.0' ],
16 silly audit   'is-plain-object': [ '2.0.4' ],
16 silly audit   'is-regex': [ '1.2.1' ],
16 silly audit   'is-set': [ '2.0.3' ],
16 silly audit   'is-shared-array-buffer': [ '1.0.4' ],
16 silly audit   'is-stream': [ '2.0.1' ],
16 silly audit   'is-string': [ '1.1.1' ],
16 silly audit   'is-symbol': [ '1.1.1' ],
16 silly audit   'is-typed-array': [ '1.1.15' ],
16 silly audit   'is-unicode-supported': [ '0.1.0' ],
16 silly audit   'is-weakmap': [ '2.0.2' ],
16 silly audit   'is-weakref': [ '1.1.1' ],
16 silly audit   'is-weakset': [ '2.0.4' ],
16 silly audit   isarray: [ '2.0.5' ],
16 silly audit   isexe: [ '2.0.0' ],
16 silly audit   isobject: [ '3.0.1' ],
16 silly audit   'istanbul-lib-coverage': [ '3.2.2' ],
16 silly audit   'istanbul-lib-report': [ '3.0.1' ],
16 silly audit   'istanbul-lib-source-maps': [ '4.0.1' ],
16 silly audit   'istanbul-reports': [ '3.1.7' ],
16 silly audit   'iterator.prototype': [ '1.1.5' ],
16 silly audit   jest: [ '29.7.0' ],
16 silly audit   'jest-changed-files': [ '29.7.0' ],
16 silly audit   'jest-circus': [ '29.7.0' ],
16 silly audit   'jest-cli': [ '29.7.0' ],
16 silly audit   'jest-config': [ '29.7.0' ],
16 silly audit   'jest-diff': [ '29.7.0' ],
16 silly audit   'jest-docblock': [ '29.7.0' ],
16 silly audit   'jest-each': [ '29.7.0' ],
16 silly audit   'jest-environment-node': [ '29.7.0' ],
16 silly audit   'jest-get-type': [ '29.6.3' ],
16 silly audit   'jest-haste-map': [ '29.7.0' ],
16 silly audit   'jest-leak-detector': [ '29.7.0' ],
16 silly audit   'jest-matcher-utils': [ '29.7.0' ],
16 silly audit   'jest-message-util': [ '29.7.0' ],
16 silly audit   'jest-mock': [ '29.7.0' ],
16 silly audit   'jest-pnp-resolver': [ '1.2.3' ],
16 silly audit   'jest-regex-util': [ '29.6.3' ],
16 silly audit   'jest-resolve': [ '29.7.0' ],
16 silly audit   'jest-resolve-dependencies': [ '29.7.0' ],
16 silly audit   'jest-runner': [ '29.7.0' ],
16 silly audit   'jest-runtime': [ '29.7.0' ],
16 silly audit   'jest-snapshot': [ '29.7.0' ],
16 silly audit   'jest-util': [ '29.7.0' ],
16 silly audit   'jest-validate': [ '29.7.0' ],
16 silly audit   'jest-watcher': [ '29.7.0' ],
16 silly audit   'jest-worker': [ '29.7.0' ],
16 silly audit   'supports-color': [ '8.1.1', '7.2.0' ],
16 silly audit   joi: [ '17.13.3' ],
16 silly audit   'js-tokens': [ '4.0.0' ],
16 silly audit   'jsc-safe-url': [ '0.2.4' ],
16 silly audit   jscodeshift: [ '17.1.2' ],
16 silly audit   'signal-exit': [ '4.1.0', '3.0.7' ],
16 silly audit   'write-file-atomic': [ '5.0.1', '4.0.2' ],
16 silly audit   jsesc: [ '3.1.0', '3.0.2' ],
16 silly audit   'json-buffer': [ '3.0.1' ],
16 silly audit   'json-parse-better-errors': [ '1.0.2' ],
16 silly audit   'json-parse-even-better-errors': [ '2.3.1' ],
16 silly audit   'json-schema-traverse': [ '0.4.1' ],
16 silly audit   'json-stable-stringify-without-jsonify': [ '1.0.1' ],
16 silly audit   json5: [ '2.2.3' ],
16 silly audit   jsonfile: [ '4.0.0' ],
16 silly audit   'jsx-ast-utils': [ '3.3.5' ],
16 silly audit   keyv: [ '4.5.4' ],
16 silly audit   'kind-of': [ '6.0.3' ],
16 silly audit   kleur: [ '3.0.3' ],
16 silly audit   leven: [ '3.1.0' ],
16 silly audit   levn: [ '0.4.1' ],
16 silly audit   'lighthouse-logger': [ '1.4.2' ],
16 silly audit   'lines-and-columns': [ '1.2.4' ],
16 silly audit   lodash: [ '4.17.21' ],
16 silly audit   'lodash.camelcase': [ '4.3.0' ],
16 silly audit   'lodash.debounce': [ '4.0.8' ],
16 silly audit   'lodash.merge': [ '4.6.2' ],
16 silly audit   'lodash.throttle': [ '4.1.1' ],
16 silly audit   'log-symbols': [ '4.1.0' ],
16 silly audit   logkitty: [ '0.7.1' ],
16 silly audit   'wrap-ansi': [ '6.2.0', '7.0.0' ],
16 silly audit   y18n: [ '4.0.3', '5.0.8' ],
16 silly audit   yargs: [ '15.4.1', '16.2.0', '17.7.2' ],
16 silly audit   'yargs-parser': [ '18.1.3', '20.2.9', '21.1.1' ],
16 silly audit   long: [ '5.3.1' ],
16 silly audit   'loose-envify': [ '1.4.0' ],
16 silly audit   'lru-cache': [ '5.1.1' ],
16 silly audit   makeerror: [ '1.0.12' ],
16 silly audit   marky: [ '1.2.5' ],
16 silly audit   'math-intrinsics': [ '1.1.0' ],
16 silly audit   'mdn-data': [ '2.0.14' ],
16 silly audit   'memoize-one': [ '5.2.1' ],
16 silly audit   'merge-options': [ '3.0.4' ],
16 silly audit   'merge-stream': [ '2.0.0' ],
16 silly audit   merge2: [ '1.4.1' ],
16 silly audit   metro: [ '0.81.3' ],
16 silly audit   'metro-babel-transformer': [ '0.81.3' ],
16 silly audit   'metro-cache': [ '0.81.3' ],
16 silly audit   'metro-cache-key': [ '0.81.3' ],
16 silly audit   'metro-config': [ '0.81.3' ],
16 silly audit   'parse-json': [ '4.0.0', '5.2.0' ],
16 silly audit   'metro-core': [ '0.81.3' ],
16 silly audit   'metro-file-map': [ '0.81.3' ],
16 silly audit   'metro-minify-terser': [ '0.81.3' ],
16 silly audit   'metro-resolver': [ '0.81.3' ],
16 silly audit   'metro-runtime': [ '0.81.3' ],
16 silly audit   'metro-source-map': [ '0.81.3' ],
16 silly audit   'source-map': [ '0.5.7', '0.6.1' ],
16 silly audit   'metro-symbolicate': [ '0.81.3' ],
16 silly audit   'metro-transform-plugins': [ '0.81.3' ],
16 silly audit   'metro-transform-worker': [ '0.81.3' ],
16 silly audit   ws: [ '7.5.10', '6.2.3' ],
16 silly audit   micromatch: [ '4.0.8' ],
16 silly audit   mime: [ '2.6.0', '1.6.0' ],
16 silly audit   'mime-db': [ '1.53.0', '1.52.0' ],
16 silly audit   'mime-types': [ '2.1.35' ],
16 silly audit   'mimic-fn': [ '2.1.0' ],
16 silly audit   mkdirp: [ '1.0.4' ],
16 silly audit   nanoid: [ '3.3.11' ],
16 silly audit   'natural-compare': [ '1.4.0' ],
16 silly audit   'neo-async': [ '2.6.2' ],
16 silly audit   nocache: [ '3.0.4' ],
16 silly audit   'node-forge': [ '1.3.1' ],
16 silly audit   'node-int64': [ '0.4.0' ],
16 silly audit   'node-releases': [ '2.0.19' ],
16 silly audit   'node-stream-zip': [ '1.15.0' ],
16 silly audit   'normalize-path': [ '3.0.0' ],
16 silly audit   'npm-run-path': [ '4.0.1' ],
16 silly audit   'nth-check': [ '2.1.1' ],
16 silly audit   nullthrows: [ '1.1.1' ],
16 silly audit   ob1: [ '0.81.3' ],
16 silly audit   'object-assign': [ '4.1.1' ],
16 silly audit   'object-inspect': [ '1.13.4' ],
16 silly audit   'object-keys': [ '1.1.1' ],
16 silly audit   'object.assign': [ '4.1.7' ],
16 silly audit   'object.entries': [ '1.1.8' ],
16 silly audit   'object.fromentries': [ '2.0.8' ],
16 silly audit   'object.values': [ '1.2.1' ],
16 silly audit   'on-finished': [ '2.3.0', '2.4.1' ],
16 silly audit   'on-headers': [ '1.0.2' ],
16 silly audit   once: [ '1.4.0' ],
16 silly audit   onetime: [ '5.1.2' ],
16 silly audit   optionator: [ '0.9.4' ],
16 silly audit   ora: [ '5.4.1' ],
16 silly audit   'own-keys': [ '1.0.1' ],
16 silly audit   'p-try': [ '2.2.0' ],
16 silly audit   'parent-module': [ '1.0.1' ],
16 silly audit   parseurl: [ '1.3.3' ],
16 silly audit   'path-is-absolute': [ '1.0.1' ],
16 silly audit   'path-key': [ '3.1.1' ],
16 silly audit   'path-parse': [ '1.0.7' ],
16 silly audit   'path-type': [ '4.0.0' ],
16 silly audit   'paths-js': [ '0.4.11' ],
16 silly audit   picocolors: [ '1.1.1' ],
16 silly audit   picomatch: [ '2.3.1' ],
16 silly audit   pify: [ '4.0.1' ],
16 silly audit   pirates: [ '4.0.6' ],
16 silly audit   plist: [ '3.1.0' ],
16 silly audit   'point-in-polygon': [ '1.1.0' ],
16 silly audit   'possible-typed-array-names': [ '1.1.0' ],
16 silly audit   'prelude-ls': [ '1.2.1' ],
16 silly audit   prettier: [ '2.8.8' ],
16 silly audit   promise: [ '8.3.0' ],
16 silly audit   prompts: [ '2.4.2' ],
16 silly audit   'prop-types': [ '15.8.1' ],
16 silly audit   protobufjs: [ '7.4.0' ],
16 silly audit   punycode: [ '2.3.1' ],
16 silly audit   'pure-rand': [ '6.1.0' ],
16 silly audit   'query-string': [ '7.1.3' ],
16 silly audit   queue: [ '6.0.2' ],
16 silly audit   'queue-microtask': [ '1.2.3' ],
16 silly audit   'range-parser': [ '1.2.1' ],
16 silly audit   react: [ '19.0.0' ],
16 silly audit   'react-devtools-core': [ '6.1.1' ],
16 silly audit   'react-freeze': [ '1.0.4' ],
16 silly audit   'react-native': [ '0.78.0' ],
16 silly audit   'react-native-chart-kit': [ '6.12.0' ],
16 silly audit   'react-native-gesture-handler': [ '2.25.0' ],
16 silly audit   'react-native-linear-gradient': [ '2.8.3' ],
16 silly audit   'react-native-mail': [ '6.1.1' ],
16 silly audit   'react-native-safe-area-context': [ '5.4.0' ],
16 silly audit   'react-native-screens': [ '4.9.2' ],
16 silly audit   'react-native-svg': [ '15.12.0' ],
16 silly audit   'react-native-vector-icons': [ '10.2.0' ],
16 silly audit   'regenerator-runtime': [ '0.13.11', '0.14.1' ],
16 silly audit   'react-refresh': [ '0.14.2' ],
16 silly audit   'react-test-renderer': [ '19.0.0' ],
16 silly audit   'readable-stream': [ '3.6.2' ],
16 silly audit   readline: [ '1.3.0' ],
16 silly audit   recast: [ '0.23.11' ],
16 silly audit   'reflect.getprototypeof': [ '1.0.10' ],
16 silly audit   regenerate: [ '1.4.2' ],
16 silly audit   'regenerate-unicode-properties': [ '10.2.0' ],
16 silly audit   'regenerator-transform': [ '0.15.2' ],
16 silly audit   'regexp.prototype.flags': [ '1.5.4' ],
16 silly audit   'regexpu-core': [ '6.2.0' ],
16 silly audit   regjsgen: [ '0.8.0' ],
16 silly audit   regjsparser: [ '0.12.0' ],
16 silly audit   'require-directory': [ '2.1.1' ],
16 silly audit   'require-main-filename': [ '2.0.0' ],
16 silly audit   'resolve-cwd': [ '3.0.0' ],
16 silly audit   'resolve.exports': [ '2.0.3' ],
16 silly audit   'restore-cursor': [ '3.1.0' ],
16 silly audit   reusify: [ '1.1.0' ],
16 silly audit   rimraf: [ '3.0.2' ],
16 silly audit   'run-parallel': [ '1.2.0' ],
16 silly audit   'safe-array-concat': [ '1.1.3' ],
16 silly audit   'safe-buffer': [ '5.2.1' ],
16 silly audit   'safe-push-apply': [ '1.0.0' ],
16 silly audit   'safe-regex-test': [ '1.1.0' ],
16 silly audit   scheduler: [ '0.25.0' ],
16 silly audit   selfsigned: [ '2.4.1' ],
16 silly audit   send: [ '0.19.0' ],
16 silly audit   'serialize-error': [ '2.1.0' ],
16 silly audit   'serve-static': [ '1.16.2' ],
16 silly audit   'set-blocking': [ '2.0.0' ],
16 silly audit   'set-function-length': [ '1.2.2' ],
16 silly audit   'set-function-name': [ '2.0.2' ],
16 silly audit   'set-proto': [ '1.0.0' ],
16 silly audit   setprototypeof: [ '1.2.0' ],
16 silly audit   'shallow-clone': [ '3.0.1' ],
16 silly audit   'shebang-command': [ '2.0.0' ],
16 silly audit   'shebang-regex': [ '3.0.0' ],
16 silly audit   'shell-quote': [ '1.8.2' ],
16 silly audit   'side-channel': [ '1.1.0' ],
16 silly audit   'side-channel-list': [ '1.0.0' ],
16 silly audit   'side-channel-map': [ '1.0.1' ],
16 silly audit   'side-channel-weakmap': [ '1.0.2' ],
16 silly audit   'simple-swizzle': [ '0.2.2' ],
16 silly audit   sisteransi: [ '1.0.5' ],
16 silly audit   slash: [ '3.0.0' ],
16 silly audit   'slice-ansi': [ '2.1.0' ],
16 silly audit   'split-on-first': [ '1.1.0' ],
16 silly audit   'sprintf-js': [ '1.0.3' ],
16 silly audit   'stack-utils': [ '2.0.6' ],
16 silly audit   stackframe: [ '1.3.4' ],
16 silly audit   'stacktrace-parser': [ '0.1.11' ],
16 silly audit   'strict-uri-encode': [ '2.0.0' ],
16 silly audit   string_decoder: [ '1.3.0' ],
16 silly audit   'string-length': [ '4.0.2' ],
16 silly audit   'string-natural-compare': [ '3.0.1' ],
16 silly audit   'string-width': [ '4.2.3' ],
16 silly audit   'string.prototype.matchall': [ '4.0.12' ],
16 silly audit   'string.prototype.repeat': [ '1.0.0' ],
16 silly audit   'string.prototype.trim': [ '1.2.10' ],
16 silly audit   'string.prototype.trimend': [ '1.0.9' ],
16 silly audit   'string.prototype.trimstart': [ '1.0.8' ],
16 silly audit   'strip-bom': [ '4.0.0' ],
16 silly audit   'strip-final-newline': [ '2.0.0' ],
16 silly audit   'strip-json-comments': [ '3.1.1' ],
16 silly audit   strnum: [ '1.1.2' ],
16 silly audit   'sudo-prompt': [ '9.2.1' ],
16 silly audit   'supports-preserve-symlinks-flag': [ '1.0.0' ],
16 silly audit   terser: [ '5.39.0' ],
16 silly audit   'test-exclude': [ '6.0.0' ],
16 silly audit   'text-table': [ '0.2.0' ],
16 silly audit   throat: [ '5.0.0' ],
16 silly audit   'tiny-invariant': [ '1.3.3' ],
16 silly audit   tmp: [ '0.2.3' ],
16 silly audit   tmpl: [ '1.0.5' ],
16 silly audit   'to-regex-range': [ '5.0.1' ],
16 silly audit   toidentifier: [ '1.0.1' ],
16 silly audit   'ts-api-utils': [ '1.4.3' ],
16 silly audit   tslib: [ '2.8.1', '1.14.1' ],
16 silly audit   tsutils: [ '3.21.0' ],
16 silly audit   'type-check': [ '0.4.0' ],
16 silly audit   'type-detect': [ '4.0.8' ],
16 silly audit   'typed-array-buffer': [ '1.0.3' ],
16 silly audit   'typed-array-byte-length': [ '1.0.3' ],
16 silly audit   'typed-array-byte-offset': [ '1.0.4' ],
16 silly audit   'typed-array-length': [ '1.0.7' ],
16 silly audit   typescript: [ '5.0.4' ],
16 silly audit   'unbox-primitive': [ '1.1.0' ],
16 silly audit   'undici-types': [ '6.20.0' ],
16 silly audit   'unicode-canonical-property-names-ecmascript': [ '2.0.1' ],
16 silly audit   'unicode-match-property-ecmascript': [ '2.0.0' ],
16 silly audit   'unicode-match-property-value-ecmascript': [ '2.2.0' ],
16 silly audit   'unicode-property-aliases-ecmascript': [ '2.1.0' ],
16 silly audit   universalify: [ '0.1.2' ],
16 silly audit   unpipe: [ '1.0.0' ],
16 silly audit   'update-browserslist-db': [ '1.1.3' ],
16 silly audit   'uri-js': [ '4.4.1' ],
16 silly audit   'use-latest-callback': [ '0.2.3' ],
16 silly audit   'util-deprecate': [ '1.0.2' ],
16 silly audit   'utils-merge': [ '1.0.1' ],
16 silly audit   'v8-to-istanbul': [ '9.3.0' ],
16 silly audit   vary: [ '1.1.2' ],
16 silly audit   vlq: [ '1.0.1' ],
16 silly audit   walker: [ '1.0.8' ],
16 silly audit   'warn-once': [ '0.1.1' ],
16 silly audit   wcwidth: [ '1.0.1' ],
16 silly audit   'web-vitals': [ '4.2.4' ],
16 silly audit   'websocket-driver': [ '0.7.4' ],
16 silly audit   'websocket-extensions': [ '0.1.4' ],
16 silly audit   'whatwg-fetch': [ '3.6.20' ],
16 silly audit   which: [ '2.0.2' ],
16 silly audit   'which-boxed-primitive': [ '1.1.1' ],
16 silly audit   'which-builtin-type': [ '1.2.1' ],
16 silly audit   'which-collection': [ '1.0.2' ],
16 silly audit   'which-module': [ '2.0.1' ],
16 silly audit   'which-typed-array': [ '1.1.19' ],
16 silly audit   'word-wrap': [ '1.2.5' ],
16 silly audit   wrappy: [ '1.0.2' ],
16 silly audit   xmlbuilder: [ '15.1.1' ],
16 silly audit   yallist: [ '3.1.1' ],
16 silly audit   yaml: [ '2.7.0' ],
16 silly audit   'yocto-queue': [ '0.1.0' ]
16 silly audit }
17 verbose reify failed optional dependency C:\Users\Mhmtm\OneDrive\Belgeler\CODE23\ProjeX\node_modules\fsevents
18 silly reify mark deleted [
18 silly reify   'C:\\Users\\Mhmtm\\OneDrive\\Belgeler\\CODE23\\ProjeX\\node_modules\\fsevents'
18 silly reify ]
19 http fetch POST 200 https://registry.npmjs.org/-/npm/v1/security/advisories/bulk 1239ms
20 silly audit report {
20 silly audit report   'image-size': [
20 silly audit report     {
20 silly audit report       id: 1103816,
20 silly audit report       url: 'https://github.com/advisories/GHSA-m5qc-5hw7-8vg7',
20 silly audit report       title: 'image-size Denial of Service via Infinite Loop during Image Processing',
20 silly audit report       severity: 'high',
20 silly audit report       vulnerable_versions: '>=1.1.0 <1.2.1',
20 silly audit report       cwe: [Array],
20 silly audit report       cvss: [Object]
20 silly audit report     }
20 silly audit report   ]
20 silly audit report }
21 silly packumentCache corgi:https://registry.npmjs.org/image-size cache-miss
22 http cache https://registry.npmjs.org/image-size 18ms (cache hit)
23 silly packumentCache corgi:https://registry.npmjs.org/image-size set size:76086 disposed:false
24 silly packumentCache corgi:https://registry.npmjs.org/metro cache-miss
25 http cache https://registry.npmjs.org/metro 10ms (cache hit)
26 silly packumentCache corgi:https://registry.npmjs.org/metro set size:504811 disposed:false
27 silly ADD
28 verbose cwd C:\Users\Mhmtm\OneDrive\Belgeler\CODE23\ProjeX
29 verbose os Windows_NT 10.0.26100
30 verbose node v20.18.0
31 verbose npm  v11.2.0
32 verbose exit 0
33 info ok
