0 verbose cli C:\Program Files\nodejs\node.exe C:\Users\Mhmtm\AppData\Roaming\npm\node_modules\npm\bin\npm-cli.js
1 info using npm@11.2.0
2 info using node@v20.18.0
3 silly config load:file:C:\Users\Mhmtm\AppData\Roaming\npm\node_modules\npm\npmrc
4 silly config load:file:C:\Users\Mhmtm\OneDrive\Belgeler\CODE23\ProjeX\.npmrc
5 silly config load:file:C:\Users\Mhmtm\.npmrc
6 silly config load:file:C:\Users\Mhmtm\AppData\Roaming\npm\etc\npmrc
7 verbose title npm exec run android --reset-cache
8 verbose argv "exec" "--" "run" "android" "--reset-cache"
9 verbose logfile logs-max:10 dir:C:\Users\Mhmtm\OneDrive\Belgeler\CODE23\ProjeX\tempnpm-cache\_logs\2025-05-15T16_14_00_209Z-
10 verbose logfile C:\Users\Mhmtm\OneDrive\Belgeler\CODE23\ProjeX\tempnpm-cache\_logs\2025-05-15T16_14_00_209Z-debug-0.log
11 silly logfile start cleaning logs, removing 1 files
12 silly logfile done cleaning log files
13 silly packumentCache heap:4345298944 maxSize:1086324736 maxEntrySize:543162368
14 http fetch GET 200 https://registry.npmjs.org/run 297ms (cache miss)
15 silly packumentCache heap:4345298944 maxSize:1086324736 maxEntrySize:543162368
16 silly packumentCache heap:4345298944 maxSize:1086324736 maxEntrySize:543162368
17 silly idealTree buildDeps
18 silly fetch manifest run@1.5.0
19 silly packumentCache full:https://registry.npmjs.org/run cache-miss
20 http fetch GET 200 https://registry.npmjs.org/run 122ms (cache miss)
21 silly packumentCache full:https://registry.npmjs.org/run set size:undefined disposed:false
22 silly placeDep ROOT run@1.5.0 OK for:  want: 1.5.0
23 silly fetch manifest minimatch@*
24 silly packumentCache full:https://registry.npmjs.org/minimatch cache-miss
25 http fetch GET 200 https://registry.npmjs.org/minimatch 89ms (cache miss)
26 silly packumentCache full:https://registry.npmjs.org/minimatch set size:undefined disposed:false
27 silly placeDep ROOT minimatch@10.0.1 OK for: run@1.5.0 want: *
28 silly fetch manifest brace-expansion@^2.0.1
29 silly packumentCache full:https://registry.npmjs.org/brace-expansion cache-miss
30 http fetch GET 200 https://registry.npmjs.org/brace-expansion 54ms (cache miss)
31 silly packumentCache full:https://registry.npmjs.org/brace-expansion set size:undefined disposed:false
32 silly placeDep ROOT brace-expansion@2.0.1 OK for: minimatch@10.0.1 want: ^2.0.1
33 silly fetch manifest balanced-match@^1.0.0
34 silly packumentCache full:https://registry.npmjs.org/balanced-match cache-miss
35 http fetch GET 200 https://registry.npmjs.org/balanced-match 50ms (cache miss)
36 silly packumentCache full:https://registry.npmjs.org/balanced-match set size:undefined disposed:false
37 silly placeDep ROOT balanced-match@1.0.2 OK for: brace-expansion@2.0.1 want: ^1.0.0
38 silly reify moves {}
39 silly audit bulk request {
39 silly audit   run: [ '1.5.0' ],
39 silly audit   minimatch: [ '10.0.1' ],
39 silly audit   'brace-expansion': [ '2.0.1' ],
39 silly audit   'balanced-match': [ '1.0.2' ]
39 silly audit }
40 http cache minimatch@https://registry.npmjs.org/minimatch/-/minimatch-10.0.1.tgz 0ms (cache hit)
41 http cache balanced-match@https://registry.npmjs.org/balanced-match/-/balanced-match-1.0.2.tgz 0ms (cache hit)
42 silly tarball no local data for minimatch@https://registry.npmjs.org/minimatch/-/minimatch-10.0.1.tgz. Extracting by manifest.
43 silly tarball no local data for balanced-match@https://registry.npmjs.org/balanced-match/-/balanced-match-1.0.2.tgz. Extracting by manifest.
44 http cache brace-expansion@https://registry.npmjs.org/brace-expansion/-/brace-expansion-2.0.1.tgz 0ms (cache hit)
45 http cache run@https://registry.npmjs.org/run/-/run-1.5.0.tgz 0ms (cache hit)
46 silly tarball no local data for brace-expansion@https://registry.npmjs.org/brace-expansion/-/brace-expansion-2.0.1.tgz. Extracting by manifest.
47 silly tarball no local data for run@https://registry.npmjs.org/run/-/run-1.5.0.tgz. Extracting by manifest.
48 http fetch GET 200 https://registry.npmjs.org/balanced-match/-/balanced-match-1.0.2.tgz 165ms (cache miss)
49 http fetch GET 200 https://registry.npmjs.org/brace-expansion/-/brace-expansion-2.0.1.tgz 163ms (cache miss)
50 http fetch GET 200 https://registry.npmjs.org/run/-/run-1.5.0.tgz 208ms (cache miss)
51 http fetch POST 200 https://registry.npmjs.org/-/npm/v1/security/advisories/bulk 246ms
52 silly audit report {}
53 http fetch GET 200 https://registry.npmjs.org/minimatch/-/minimatch-10.0.1.tgz 254ms (cache miss)
54 verbose cwd C:\Users\Mhmtm\OneDrive\Belgeler\CODE23\ProjeX
55 verbose os Windows_NT 10.0.26100
56 verbose node v20.18.0
57 verbose npm  v11.2.0
58 verbose exit 0
59 info ok
