0 verbose cli C:\Program Files\nodejs\node.exe C:\Users\Mhmtm\AppData\Roaming\npm\node_modules\npm\bin\npm-cli.js
1 info using npm@11.2.0
2 info using node@v20.18.0
3 silly config load:file:C:\Users\Mhmtm\AppData\Roaming\npm\node_modules\npm\npmrc
4 silly config load:file:C:\Users\Mhmtm\OneDrive\Belgeler\CODE23\ProjeX\.npmrc
5 silly config load:file:C:\Users\Mhmtm\.npmrc
6 silly config load:file:C:\Users\Mhmtm\AppData\Roaming\npm\etc\npmrc
7 verbose title npm run android
8 verbose argv "run" "android"
9 verbose logfile logs-max:10 dir:C:\Users\Mhmtm\OneDrive\Belgeler\CODE23\ProjeX\tempnpm-cache\_logs\2025-05-04T11_52_25_775Z-
10 verbose logfile C:\Users\Mhmtm\OneDrive\Belgeler\CODE23\ProjeX\tempnpm-cache\_logs\2025-05-04T11_52_25_775Z-debug-0.log
11 silly logfile start cleaning logs, removing 1 files
12 silly logfile done cleaning log files
13 http fetch GET 200 https://registry.npmjs.org/npm 314ms
14 verbose cwd C:\Users\Mhmtm\OneDrive\Belgeler\CODE23\ProjeX
15 verbose os Windows_NT 10.0.26100
16 verbose node v20.18.0
17 verbose npm  v11.2.0
18 notice
18 notice New [33mminor[39m version of npm available! [33m11.2.0[39m -> [34m11.3.0[39m
18 notice Changelog: [34mhttps://github.com/npm/cli/releases/tag/v11.3.0[39m
18 notice To update run: [4mnpm install -g npm@11.3.0[24m
18 notice  { force: true, [Symbol(proc-log.meta)]: true }
19 verbose exit 0
20 info ok
